-------------------------------------------------------------------------------
Test set: com.portfolio.mds.MdsApplicationTests
-------------------------------------------------------------------------------
Tests run: 1, Failures: 0, Errors: 1, Skipped: 0, Time elapsed: 2.659 s <<< FAILURE! - in com.portfolio.mds.MdsApplicationTests
com.portfolio.mds.MdsApplicationTests  Time elapsed: 2.659 s  <<< ERROR!
java.lang.IllegalStateException: Unable to find a @SpringBootConfiguration, you need to use @ContextConfiguration or @SpringBootTest(classes=...) with your test

